c:\dev\cpp\graf\vulkan\vulkan-guide-2\build\shared\vkguide_shared.dir\debug\cmake_pch.pch
c:\dev\cpp\graf\vulkan\vulkan-guide-2\build\shared\debug\vkguide_shared.pdb
c:\dev\cpp\graf\vulkan\vulkan-guide-2\build\shared\vkguide_shared.dir\debug\cmake_pch.obj
c:\dev\cpp\graf\vulkan\vulkan-guide-2\build\shared\vkguide_shared.dir\debug\meshes.obj
c:\dev\cpp\graf\vulkan\vulkan-guide-2\build\shared\vkguide_shared.dir\debug\camera.obj
c:\dev\cpp\graf\vulkan\vulkan-guide-2\build\shared\vkguide_shared.dir\debug\vk_pipelines.obj
c:\dev\cpp\graf\vulkan\vulkan-guide-2\build\shared\vkguide_shared.dir\debug\vk_descriptors.obj
c:\dev\cpp\graf\vulkan\vulkan-guide-2\build\shared\vkguide_shared.dir\debug\vk_images.obj
c:\dev\cpp\graf\vulkan\vulkan-guide-2\build\shared\vkguide_shared.dir\debug\vk_initializers.obj
c:\dev\cpp\graf\vulkan\vulkan-guide-2\build\shared\cmakefiles\generate.stamp
c:\dev\cpp\graf\vulkan\vulkan-guide-2\build\shared\debug\vkguide_shared.lib
c:\dev\cpp\graf\vulkan\vulkan-guide-2\build\shared\vkguide_shared.dir\debug\vkguide_shared.tlog\cl.command.1.tlog
c:\dev\cpp\graf\vulkan\vulkan-guide-2\build\shared\vkguide_shared.dir\debug\vkguide_shared.tlog\cl.read.1.tlog
c:\dev\cpp\graf\vulkan\vulkan-guide-2\build\shared\vkguide_shared.dir\debug\vkguide_shared.tlog\cl.write.1.tlog
c:\dev\cpp\graf\vulkan\vulkan-guide-2\build\shared\vkguide_shared.dir\debug\vkguide_shared.tlog\custombuild.command.1.tlog
c:\dev\cpp\graf\vulkan\vulkan-guide-2\build\shared\vkguide_shared.dir\debug\vkguide_shared.tlog\custombuild.read.1.tlog
c:\dev\cpp\graf\vulkan\vulkan-guide-2\build\shared\vkguide_shared.dir\debug\vkguide_shared.tlog\custombuild.write.1.tlog
c:\dev\cpp\graf\vulkan\vulkan-guide-2\build\shared\vkguide_shared.dir\debug\vkguide_shared.tlog\lib-link.read.1.tlog
c:\dev\cpp\graf\vulkan\vulkan-guide-2\build\shared\vkguide_shared.dir\debug\vkguide_shared.tlog\lib-link.write.1.tlog
c:\dev\cpp\graf\vulkan\vulkan-guide-2\build\shared\vkguide_shared.dir\debug\vkguide_shared.tlog\lib.command.1.tlog
